[2025-01-26 17:36:03] Erro: Cannot apply binary operation on types 'timestamp with time zone' and 'timestamp without time zone', convert one of the operands first.
Tipo: System.NotSupportedException
Stacktrace:    at Npgsql.EntityFrameworkCore.PostgreSQL.Query.NpgsqlSqlExpressionFactory.ApplyTypeMapping(SqlExpression sqlExpression, RelationalTypeMapping typeMapping)
   at Microsoft.EntityFrameworkCore.Query.SqlExpressionFactory.ApplyTypeMappingOnSqlBinary(SqlBinaryExpression sqlBinaryExpression, RelationalTypeMapping typeMapping)
   at Microsoft.EntityFrameworkCore.Query.SqlExpressionFactory.ApplyTypeMapping(SqlExpression sqlExpression, RelationalTypeMapping typeMapping)
   at Npgsql.EntityFrameworkCore.PostgreSQL.Query.NpgsqlSqlExpressionFactory.ApplyTypeMappingOnSqlBinary(SqlBinaryExpression binary, RelationalTypeMapping typeMapping)
   at Npgsql.EntityFrameworkCore.PostgreSQL.Query.NpgsqlSqlExpressionFactory.ApplyTypeMapping(SqlExpression sqlExpression, RelationalTypeMapping typeMapping)
   at Microsoft.EntityFrameworkCore.Query.SqlExpressionFactory.MakeBinary(ExpressionType operatorType, SqlExpression left, SqlExpression right, RelationalTypeMapping typeMapping)
   at Npgsql.EntityFrameworkCore.PostgreSQL.Query.NpgsqlSqlExpressionFactory.MakeBinary(ExpressionType operatorType, SqlExpression left, SqlExpression right, RelationalTypeMapping typeMapping)
   at Microsoft.EntityFrameworkCore.Query.RelationalSqlTranslatingExpressionVisitor.VisitBinary(BinaryExpression binaryExpression)
   at Npgsql.EntityFrameworkCore.PostgreSQL.Query.Internal.NpgsqlSqlTranslatingExpressionVisitor.VisitBinary(BinaryExpression binaryExpression)
   at Microsoft.EntityFrameworkCore.Query.RelationalSqlTranslatingExpressionVisitor.VisitBinary(BinaryExpression binaryExpression)
   at Npgsql.EntityFrameworkCore.PostgreSQL.Query.Internal.NpgsqlSqlTranslatingExpressionVisitor.VisitBinary(BinaryExpression binaryExpression)
   at Microsoft.EntityFrameworkCore.Query.RelationalSqlTranslatingExpressionVisitor.VisitBinary(BinaryExpression binaryExpression)
   at Npgsql.EntityFrameworkCore.PostgreSQL.Query.Internal.NpgsqlSqlTranslatingExpressionVisitor.VisitBinary(BinaryExpression binaryExpression)
   at Microsoft.EntityFrameworkCore.Query.RelationalSqlTranslatingExpressionVisitor.TranslateInternal(Expression expression, Boolean applyDefaultTypeMapping)
   at Microsoft.EntityFrameworkCore.Query.RelationalSqlTranslatingExpressionVisitor.Translate(Expression expression, Boolean applyDefaultTypeMapping)
   at Microsoft.EntityFrameworkCore.Query.RelationalQueryableMethodTranslatingExpressionVisitor.TranslateExpression(Expression expression, Boolean applyDefaultTypeMapping)
   at Microsoft.EntityFrameworkCore.Query.RelationalQueryableMethodTranslatingExpressionVisitor.TranslateLambdaExpression(ShapedQueryExpression shapedQueryExpression, LambdaExpression lambdaExpression)
   at Microsoft.EntityFrameworkCore.Query.RelationalQueryableMethodTranslatingExpressionVisitor.TranslateWhere(ShapedQueryExpression source, LambdaExpression predicate)
   at Microsoft.EntityFrameworkCore.Query.QueryableMethodTranslatingExpressionVisitor.VisitMethodCall(MethodCallExpression methodCallExpression)
   at Microsoft.EntityFrameworkCore.Query.RelationalQueryableMethodTranslatingExpressionVisitor.VisitMethodCall(MethodCallExpression methodCallExpression)
   at Microsoft.EntityFrameworkCore.Query.QueryableMethodTranslatingExpressionVisitor.VisitMethodCall(MethodCallExpression methodCallExpression)
   at Microsoft.EntityFrameworkCore.Query.RelationalQueryableMethodTranslatingExpressionVisitor.VisitMethodCall(MethodCallExpression methodCallExpression)
   at Microsoft.EntityFrameworkCore.Query.QueryableMethodTranslatingExpressionVisitor.Translate(Expression expression)
   at Microsoft.EntityFrameworkCore.Query.RelationalQueryableMethodTranslatingExpressionVisitor.Translate(Expression expression)
   at Microsoft.EntityFrameworkCore.Query.QueryCompilationContext.CreateQueryExecutor[TResult](Expression query)
   at Microsoft.EntityFrameworkCore.Storage.Database.CompileQuery[TResult](Expression query, Boolean async)
   at Microsoft.EntityFrameworkCore.Query.Internal.QueryCompiler.CompileQueryCore[TResult](IDatabase database, Expression query, IModel model, Boolean async)
   at Microsoft.EntityFrameworkCore.Query.Internal.QueryCompiler.<>c__DisplayClass12_0`1.<ExecuteAsync>b__0()
   at Microsoft.EntityFrameworkCore.Query.Internal.CompiledQueryCache.GetOrAddQuery[TResult](Object cacheKey, Func`1 compiler)
   at Microsoft.EntityFrameworkCore.Query.Internal.QueryCompiler.ExecuteAsync[TResult](Expression query, CancellationToken cancellationToken)
   at Microsoft.EntityFrameworkCore.Query.Internal.EntityQueryProvider.ExecuteAsync[TResult](Expression expression, CancellationToken cancellationToken)
   at Microsoft.EntityFrameworkCore.EntityFrameworkQueryableExtensions.ExecuteAsync[TSource,TResult](MethodInfo operatorMethodInfo, IQueryable`1 source, Expression expression, CancellationToken cancellationToken)
   at Microsoft.EntityFrameworkCore.EntityFrameworkQueryableExtensions.ExecuteAsync[TSource,TResult](MethodInfo operatorMethodInfo, IQueryable`1 source, CancellationToken cancellationToken)
   at Microsoft.EntityFrameworkCore.EntityFrameworkQueryableExtensions.FirstOrDefaultAsync[TSource](IQueryable`1 source, CancellationToken cancellationToken)
   at Dominio.Servicos.RepositorioBase`2.ObterAsync(Expression`1 filtro)
-------------------------------------------
[2025-01-28 16:51:58] Erro: The LINQ expression 'DbSet<Cliente>()
    .Where(c => !(c.Excluido))
    .OrderByDescending(c => c.GetType().GetProperty("Id"))' could not be translated. Either rewrite the query in a form that can be translated, or switch to client evaluation explicitly by inserting a call to 'AsEnumerable', 'AsAsyncEnumerable', 'ToList', or 'ToListAsync'. See https://go.microsoft.com/fwlink/?linkid=2101038 for more information.
Tipo: System.InvalidOperationException
Stacktrace:    at Microsoft.EntityFrameworkCore.Query.QueryableMethodTranslatingExpressionVisitor.Translate(Expression expression)
   at Microsoft.EntityFrameworkCore.Query.RelationalQueryableMethodTranslatingExpressionVisitor.Translate(Expression expression)
   at Microsoft.EntityFrameworkCore.Query.QueryCompilationContext.CreateQueryExecutor[TResult](Expression query)
   at Microsoft.EntityFrameworkCore.Storage.Database.CompileQuery[TResult](Expression query, Boolean async)
   at Microsoft.EntityFrameworkCore.Query.Internal.QueryCompiler.CompileQueryCore[TResult](IDatabase database, Expression query, IModel model, Boolean async)
   at Microsoft.EntityFrameworkCore.Query.Internal.QueryCompiler.<>c__DisplayClass12_0`1.<ExecuteAsync>b__0()
   at Microsoft.EntityFrameworkCore.Query.Internal.CompiledQueryCache.GetOrAddQuery[TResult](Object cacheKey, Func`1 compiler)
   at Microsoft.EntityFrameworkCore.Query.Internal.QueryCompiler.ExecuteAsync[TResult](Expression query, CancellationToken cancellationToken)
   at Microsoft.EntityFrameworkCore.Query.Internal.EntityQueryProvider.ExecuteAsync[TResult](Expression expression, CancellationToken cancellationToken)
   at Microsoft.EntityFrameworkCore.Query.Internal.EntityQueryable`1.GetAsyncEnumerator(CancellationToken cancellationToken)
   at System.Runtime.CompilerServices.ConfiguredCancelableAsyncEnumerable`1.GetAsyncEnumerator()
   at Microsoft.EntityFrameworkCore.EntityFrameworkQueryableExtensions.ToListAsync[TSource](IQueryable`1 source, CancellationToken cancellationToken)
   at Dominio.Servicos.RepositorioBase`2.BuscarPaginadoAsync(Expression`1 filtro, Int32 pagina, Int32 itensPorPagina, Expression`1 ordenacao) in C:\Projetos\AlterData\Dominio\Servicos\RepositorioBase.cs:line 209
-------------------------------------------
[2025-01-28 16:52:04] Erro: The LINQ expression 'DbSet<Cliente>()
    .Where(c => !(c.Excluido))
    .OrderByDescending(c => c.GetType().GetProperty("Id"))' could not be translated. Either rewrite the query in a form that can be translated, or switch to client evaluation explicitly by inserting a call to 'AsEnumerable', 'AsAsyncEnumerable', 'ToList', or 'ToListAsync'. See https://go.microsoft.com/fwlink/?linkid=2101038 for more information.
Tipo: System.InvalidOperationException
Stacktrace:    at Microsoft.EntityFrameworkCore.Query.QueryableMethodTranslatingExpressionVisitor.Translate(Expression expression)
   at Microsoft.EntityFrameworkCore.Query.RelationalQueryableMethodTranslatingExpressionVisitor.Translate(Expression expression)
   at Microsoft.EntityFrameworkCore.Query.QueryCompilationContext.CreateQueryExecutor[TResult](Expression query)
   at Microsoft.EntityFrameworkCore.Storage.Database.CompileQuery[TResult](Expression query, Boolean async)
   at Microsoft.EntityFrameworkCore.Query.Internal.QueryCompiler.CompileQueryCore[TResult](IDatabase database, Expression query, IModel model, Boolean async)
   at Microsoft.EntityFrameworkCore.Query.Internal.QueryCompiler.<>c__DisplayClass12_0`1.<ExecuteAsync>b__0()
   at Microsoft.EntityFrameworkCore.Query.Internal.CompiledQueryCache.GetOrAddQuery[TResult](Object cacheKey, Func`1 compiler)
   at Microsoft.EntityFrameworkCore.Query.Internal.QueryCompiler.ExecuteAsync[TResult](Expression query, CancellationToken cancellationToken)
   at Microsoft.EntityFrameworkCore.Query.Internal.EntityQueryProvider.ExecuteAsync[TResult](Expression expression, CancellationToken cancellationToken)
   at Microsoft.EntityFrameworkCore.Query.Internal.EntityQueryable`1.GetAsyncEnumerator(CancellationToken cancellationToken)
   at System.Runtime.CompilerServices.ConfiguredCancelableAsyncEnumerable`1.GetAsyncEnumerator()
   at Microsoft.EntityFrameworkCore.EntityFrameworkQueryableExtensions.ToListAsync[TSource](IQueryable`1 source, CancellationToken cancellationToken)
   at Dominio.Servicos.RepositorioBase`2.BuscarPaginadoAsync(Expression`1 filtro, Int32 pagina, Int32 itensPorPagina, Expression`1 ordenacao) in C:\Projetos\AlterData\Dominio\Servicos\RepositorioBase.cs:line 209
-------------------------------------------
[2025-01-28 16:59:52] Erro: The LINQ expression 'DbSet<Cliente>()
    .Where(c => !(c.Excluido))
    .OrderBy(c => c.GetType().GetProperty("Id"))' could not be translated. Either rewrite the query in a form that can be translated, or switch to client evaluation explicitly by inserting a call to 'AsEnumerable', 'AsAsyncEnumerable', 'ToList', or 'ToListAsync'. See https://go.microsoft.com/fwlink/?linkid=2101038 for more information.
Tipo: System.InvalidOperationException
Stacktrace:    at Microsoft.EntityFrameworkCore.Query.QueryableMethodTranslatingExpressionVisitor.Translate(Expression expression)
   at Microsoft.EntityFrameworkCore.Query.RelationalQueryableMethodTranslatingExpressionVisitor.Translate(Expression expression)
   at Microsoft.EntityFrameworkCore.Query.QueryCompilationContext.CreateQueryExecutor[TResult](Expression query)
   at Microsoft.EntityFrameworkCore.Storage.Database.CompileQuery[TResult](Expression query, Boolean async)
   at Microsoft.EntityFrameworkCore.Query.Internal.QueryCompiler.CompileQueryCore[TResult](IDatabase database, Expression query, IModel model, Boolean async)
   at Microsoft.EntityFrameworkCore.Query.Internal.QueryCompiler.<>c__DisplayClass12_0`1.<ExecuteAsync>b__0()
   at Microsoft.EntityFrameworkCore.Query.Internal.CompiledQueryCache.GetOrAddQuery[TResult](Object cacheKey, Func`1 compiler)
   at Microsoft.EntityFrameworkCore.Query.Internal.QueryCompiler.ExecuteAsync[TResult](Expression query, CancellationToken cancellationToken)
   at Microsoft.EntityFrameworkCore.Query.Internal.EntityQueryProvider.ExecuteAsync[TResult](Expression expression, CancellationToken cancellationToken)
   at Microsoft.EntityFrameworkCore.Query.Internal.EntityQueryable`1.GetAsyncEnumerator(CancellationToken cancellationToken)
   at System.Runtime.CompilerServices.ConfiguredCancelableAsyncEnumerable`1.GetAsyncEnumerator()
   at Microsoft.EntityFrameworkCore.EntityFrameworkQueryableExtensions.ToListAsync[TSource](IQueryable`1 source, CancellationToken cancellationToken)
   at Dominio.Servicos.RepositorioBase`2.BuscarPaginadoAsync(Expression`1 filtro, Int32 pagina, Int32 itensPorPagina, Expression`1 ordenacao) in C:\Projetos\AlterData\Dominio\Servicos\RepositorioBase.cs:line 209
-------------------------------------------
